<?xml version="1.0" encoding="UTF-8"?>
<!-- Generated by org.testng.reporters.JUnitReportReporter -->
<testsuite hostname="DESKTOP-I0JKDSF" failures="0" tests="1" name="labTest.SumVerifyTest" time="46.941" errors="0" timestamp="18 сент. 2021 13:59:58 GMT" skipped="0">
  <testcase classname="labTest.SumVerifyTest" name="givenFilter_whenTheMostExpensiveProductAddedToCart_thenTotalPriceLessThanBound" time="46.941"/>
</testsuite> <!-- labTest.SumVerifyTest -->
